[17:51:02] [main/WARN] (FabricLoader/Knot) Class path entries reference missing files: /Users/toor/IdeaProjects/myowni18n/bin/default - the game may not load properly!
[17:51:02] [main/INFO] (FabricLoader/GameProvider) Loading Minecraft 1.21.5 with Fabric Loader 0.16.13
[17:51:02] [ForkJoinPool-1-worker-1/WARN] (FabricLoader/Metadata) Mod myowni18n uses the version ${version} which isn't compatible with Loader's extended semantic version format (Could not parse version number component '${version}'!), SemVer is recommended for reliably evaluating dependencies and prioritizing newer version
[17:51:02] [main/INFO] (FabricLoader) Loading 58 mods:
	- cloth-basic-math 0.6.1
	- cloth-config 18.0.145
	- fabric-api 0.119.9+1.21.5
	- fabric-api-base 0.4.62+73a52b4b49
	- fabric-api-lookup-api-v1 1.6.95+86c3a9f149
	- fabric-biome-api-v1 16.0.7+2dd063df49
	- fabric-block-api-v1 1.0.37+86c3a9f149
	- fabric-block-view-api-v2 1.0.26+aa6d566c49
	- fabric-blockrenderlayer-v1 2.0.16+86c3a9f149
	- fabric-client-gametest-api-v1 4.1.10+f3ffa98949
	- fabric-client-tags-api-v1 1.1.37+86c3a9f149
	- fabric-command-api-v1 1.2.70+f71b366f49
	- fabric-command-api-v2 2.2.49+73a52b4b49
	- fabric-commands-v0 0.2.87+df3654b349
	- fabric-content-registries-v0 10.0.11+216530c849
	- fabric-convention-tags-v1 2.1.29+7f945d5b49
	- fabric-convention-tags-v2 2.14.3+fca633a049
	- fabric-crash-report-info-v1 0.3.12+86c3a9f149
	- fabric-data-attachment-api-v1 1.6.6+7b20cbb049
	- fabric-data-generation-api-v1 22.3.3+d94614b849
	- fabric-dimensions-v1 4.0.16+86c3a9f149
	- fabric-entity-events-v1 2.0.25+27c1078f49
	- fabric-events-interaction-v0 4.0.13+73a52b4b49
	- fabric-game-rule-api-v1 1.0.70+c327076a49
	- fabric-gametest-api-v1 3.1.2+2a6ec84b49
	- fabric-item-api-v1 11.3.2+2ccdb6ef49
	- fabric-item-group-api-v1 4.2.8+3459fc6149
	- fabric-key-binding-api-v1 1.0.63+ecf51cdc49
	- fabric-keybindings-v0 0.2.61+df3654b349
	- fabric-lifecycle-events-v1 2.5.13+5cbce67349
	- fabric-loot-api-v2 3.0.47+3f89f5a549
	- fabric-loot-api-v3 1.0.35+86c3a9f149
	- fabric-message-api-v1 6.0.33+86c3a9f149
	- fabric-model-loading-api-v1 5.0.3+129968e949
	- fabric-networking-api-v1 4.4.0+f3ffa98949
	- fabric-object-builder-api-v1 21.0.0+7b20cbb049
	- fabric-particles-v1 4.0.22+86c3a9f149
	- fabric-recipe-api-v1 8.1.6+052a85d049
	- fabric-registry-sync-v0 6.1.20+b556383249
	- fabric-renderer-api-v1 6.0.0+55bce67a49
	- fabric-renderer-indigo 3.0.1+8125baf649
	- fabric-rendering-data-attachment-v1 0.3.64+73761d2e49
	- fabric-rendering-fluids-v1 3.1.27+86c3a9f149
	- fabric-rendering-v1 11.1.11+081cc04349
	- fabric-resource-conditions-api-v1 5.0.21+73a52b4b49
	- fabric-resource-loader-v0 3.1.6+02ca679649
	- fabric-screen-api-v1 2.0.46+86c3a9f149
	- fabric-screen-handler-api-v1 1.3.127+c327076a49
	- fabric-sound-api-v1 1.0.38+86c3a9f149
	- fabric-tag-api-v1 1.0.16+ecf51cdc49
	- fabric-transfer-api-v1 5.4.23+7b20cbb049
	- fabric-transitive-access-wideners-v1 6.3.17+f17a180c49
	- fabricloader 0.16.13
	- java 21
	- minecraft 1.21.5
	- mixinextras 0.4.1
	- modmenu 14.0.0-rc.2
	- myowni18n ${version}
[17:51:02] [main/INFO] (FabricLoader/Mixin) SpongePowered MIXIN Subsystem Version=0.8.7 Source=file:/Users/toor/.gradle/caches/modules-2/files-2.1/net.fabricmc/sponge-mixin/0.15.4+mixin.0.8.7/6a12aacc794f1078458433116e9ed42c1cc98096/sponge-mixin-0.15.4+mixin.0.8.7.jar Service=Knot/Fabric Env=CLIENT
[17:51:02] [main/INFO] (FabricLoader/Mixin) Loaded Fabric development mappings for mixin remapper!
[17:51:02] [main/INFO] (FabricLoader/Mixin) Compatibility level set to JAVA_21
[17:51:03] [main/INFO] (FabricLoader/MixinExtras|Service) Initializing MixinExtras via com.llamalad7.mixinextras.service.MixinExtrasServiceImpl(version=0.4.1).
[17:51:04] [Datafixer Bootstrap/INFO] (Minecraft) 263 Datafixer optimizations took 813 milliseconds
[17:51:07] [Render thread/INFO] (Minecraft) Environment: Environment[sessionHost=https://sessionserver.mojang.com, servicesHost=https://api.minecraftservices.com, name=PROD]
[17:51:07] [Render thread/INFO] (Minecraft) Setting user: Player728
[17:51:07] [Render thread/INFO] (Mod Menu/Update Checker) Checking mod updates...
[17:51:07] [Render thread/WARN] (ResourceManagerHelperImpl) Tried to register resource reload listener myowni18n:translations twice!
[17:51:07] [Render thread/INFO] (Indigo) [Indigo] Registering Indigo renderer!
[17:51:07] [Render thread/INFO] (Minecraft) Backend library: LWJGL version 3.3.3-snapshot
[17:51:08] [Render thread/INFO] (Minecraft) Using optional rendering extensions: 
[17:51:08] [Render thread/INFO] (Minecraft) Reloading ResourceManager: vanilla, fabric, cloth-config, fabric-api, fabric-api-base, fabric-api-lookup-api-v1, fabric-biome-api-v1, fabric-block-api-v1, fabric-block-view-api-v2, fabric-blockrenderlayer-v1, fabric-client-gametest-api-v1, fabric-client-tags-api-v1, fabric-command-api-v1, fabric-command-api-v2, fabric-commands-v0, fabric-content-registries-v0, fabric-convention-tags-v1, fabric-convention-tags-v2, fabric-crash-report-info-v1, fabric-data-attachment-api-v1, fabric-data-generation-api-v1, fabric-dimensions-v1, fabric-entity-events-v1, fabric-events-interaction-v0, fabric-game-rule-api-v1, fabric-gametest-api-v1, fabric-item-api-v1, fabric-item-group-api-v1, fabric-key-binding-api-v1, fabric-keybindings-v0, fabric-lifecycle-events-v1, fabric-loot-api-v2, fabric-loot-api-v3, fabric-message-api-v1, fabric-model-loading-api-v1, fabric-networking-api-v1, fabric-object-builder-api-v1, fabric-particles-v1, fabric-recipe-api-v1, fabric-registry-sync-v0, fabric-renderer-api-v1, fabric-renderer-indigo, fabric-rendering-data-attachment-v1, fabric-rendering-fluids-v1, fabric-rendering-v1, fabric-resource-conditions-api-v1, fabric-resource-loader-v0, fabric-screen-api-v1, fabric-screen-handler-api-v1, fabric-sound-api-v1, fabric-tag-api-v1, fabric-transfer-api-v1, fabric-transitive-access-wideners-v1, fabricloader, modmenu, myowni18n
[17:51:08] [Worker-Main-7/INFO] (Minecraft) Found unifont_all_no_pua-16.0.01.hex, loading
[17:51:08] [Download-1/INFO] (Minecraft) Could not authorize you against Realms server: Invalid session id
[17:51:08] [Download-1/ERROR] (Minecraft) Failed to fetch Realms feature flags
net.minecraft.client.realms.exception.RealmsServiceException: Realms authentication error with message 'Invalid session id'
	at knot/net.minecraft.client.realms.RealmsClient.execute(RealmsClient.java:495) ~[minecraft-clientOnly-dedd0aa30a-1.21.5-net.fabricmc.yarn.1_21_5.1.21.5+build.1-v2.jar:?]
	at knot/net.minecraft.client.realms.RealmsClient.fetchFeatureFlags(RealmsClient.java:177) ~[minecraft-clientOnly-dedd0aa30a-1.21.5-net.fabricmc.yarn.1_21_5.1.21.5+build.1-v2.jar:?]
	at java.base/java.util.concurrent.CompletableFuture$AsyncSupply.run(CompletableFuture.java:1768) ~[?:?]
	at java.base/java.util.concurrent.ThreadPoolExecutor.runWorker(ThreadPoolExecutor.java:1144) ~[?:?]
	at java.base/java.util.concurrent.ThreadPoolExecutor$Worker.run(ThreadPoolExecutor.java:642) ~[?:?]
	at java.base/java.lang.Thread.run(Thread.java:1583) [?:?]
[17:51:09] [Worker-Main-2/INFO] (Minecraft) Found unifont_jp_patch-16.0.01.hex, loading
[17:51:09] [Render thread/WARN] (Minecraft) Found unknown and unsupported uniform Sampler1 in minecraft:pipeline/armor_decal_cutout_no_cull
[17:51:09] [Render thread/WARN] (Minecraft) Found unknown and unsupported uniform Sampler2 in minecraft:pipeline/eyes
[17:51:09] [Render thread/WARN] (Minecraft) Found unknown and unsupported uniform Sampler1 in minecraft:pipeline/eyes
[17:51:09] [Render thread/WARN] (Minecraft) Found unknown and unsupported uniform Sampler1 in minecraft:pipeline/armor_cutout_no_cull
[17:51:09] [Render thread/WARN] (Minecraft) Found unknown and unsupported uniform Sampler1 in minecraft:pipeline/breeze_wind
[17:51:09] [Render thread/WARN] (Minecraft) Found unknown and unsupported uniform Sampler2 in minecraft:pipeline/energy_swirl
[17:51:09] [Render thread/WARN] (Minecraft) Found unknown and unsupported uniform Sampler1 in minecraft:pipeline/energy_swirl
[17:51:09] [Render thread/WARN] (Minecraft) Found unknown and unsupported uniform Sampler1 in minecraft:pipeline/entity_no_outline
[17:51:09] [Render thread/WARN] (Minecraft) Found unknown and unsupported uniform Sampler1 in minecraft:pipeline/armor_translucent
[17:51:09] [Render thread/INFO] (Minecraft) OpenAL initialized on device MacBook Air扬声器
[17:51:09] [Render thread/INFO] (Minecraft) Sound engine started
[17:51:09] [Render thread/INFO] (Minecraft) Created: 1024x512x4 minecraft:textures/atlas/blocks.png-atlas
[17:51:09] [Render thread/INFO] (Minecraft) Created: 256x256x4 minecraft:textures/atlas/signs.png-atlas
[17:51:09] [Render thread/INFO] (Minecraft) Created: 512x512x4 minecraft:textures/atlas/banner_patterns.png-atlas
[17:51:09] [Render thread/INFO] (Minecraft) Created: 512x512x4 minecraft:textures/atlas/shield_patterns.png-atlas
[17:51:09] [Render thread/INFO] (Minecraft) Created: 2048x1024x4 minecraft:textures/atlas/armor_trims.png-atlas
[17:51:09] [Render thread/INFO] (Minecraft) Created: 256x256x4 minecraft:textures/atlas/chest.png-atlas
[17:51:09] [Render thread/INFO] (Minecraft) Created: 128x64x4 minecraft:textures/atlas/decorated_pot.png-atlas
[17:51:09] [Render thread/INFO] (Minecraft) Created: 512x256x4 minecraft:textures/atlas/beds.png-atlas
[17:51:09] [Render thread/INFO] (Minecraft) Created: 512x256x4 minecraft:textures/atlas/shulker_boxes.png-atlas
[17:51:09] [Render thread/INFO] (Minecraft) Created: 64x64x0 minecraft:textures/atlas/map_decorations.png-atlas
[17:51:09] [Render thread/INFO] (Minecraft) Created: 512x256x0 minecraft:textures/atlas/particles.png-atlas
[17:51:09] [Render thread/INFO] (Minecraft) Created: 512x256x0 minecraft:textures/atlas/paintings.png-atlas
[17:51:09] [Render thread/INFO] (Minecraft) Created: 256x128x0 minecraft:textures/atlas/mob_effects.png-atlas
[17:51:09] [Render thread/INFO] (Minecraft) Created: 1024x512x0 minecraft:textures/atlas/gui.png-atlas
[17:51:09] [Render thread/ERROR] (ModNioResourcePack) Invalid path in mod resource-pack modmenu: modmenu:lang/an-ES.json, ignoring
[17:51:09] [Render thread/ERROR] (ModNioResourcePack) Invalid path in mod resource-pack modmenu: modmenu:lang/bn-BD.json, ignoring
[17:51:09] [Render thread/ERROR] (ModNioResourcePack) Invalid path in mod resource-pack modmenu: modmenu:lang/ckb-IR.json, ignoring
[17:51:09] [Render thread/ERROR] (ModNioResourcePack) Invalid path in mod resource-pack modmenu: modmenu:lang/csb-PL.json, ignoring
[17:51:09] [Render thread/ERROR] (ModNioResourcePack) Invalid path in mod resource-pack modmenu: modmenu:lang/cv-CU.json, ignoring
[17:51:09] [Render thread/ERROR] (ModNioResourcePack) Invalid path in mod resource-pack modmenu: modmenu:lang/dsb-DE.json, ignoring
[17:51:09] [Render thread/ERROR] (ModNioResourcePack) Invalid path in mod resource-pack modmenu: modmenu:lang/hsb-DE.json, ignoring
[17:51:09] [Render thread/ERROR] (ModNioResourcePack) Invalid path in mod resource-pack modmenu: modmenu:lang/kab-KAB.json, ignoring
[17:51:09] [Render thread/ERROR] (ModNioResourcePack) Invalid path in mod resource-pack modmenu: modmenu:lang/me-ME.json, ignoring
[17:51:09] [Render thread/ERROR] (ModNioResourcePack) Invalid path in mod resource-pack modmenu: modmenu:lang/mi_NZ.json, ignoring
[17:51:09] [Render thread/ERROR] (ModNioResourcePack) Invalid path in mod resource-pack modmenu: modmenu:lang/moh-CA.json, ignoring
[17:51:09] [Render thread/ERROR] (ModNioResourcePack) Invalid path in mod resource-pack modmenu: modmenu:lang/ne-NP.json, ignoring
[17:51:09] [Render thread/ERROR] (ModNioResourcePack) Invalid path in mod resource-pack modmenu: modmenu:lang/oj-CA.json, ignoring
[17:51:09] [Render thread/ERROR] (ModNioResourcePack) Invalid path in mod resource-pack modmenu: modmenu:lang/sah-SAH.json, ignoring
[17:51:09] [Render thread/ERROR] (ModNioResourcePack) Invalid path in mod resource-pack modmenu: modmenu:lang/sr-Cyrl-ME.json, ignoring
[17:51:09] [Render thread/ERROR] (ModNioResourcePack) Invalid path in mod resource-pack modmenu: modmenu:lang/ur-PK.json, ignoring
[17:51:09] [Render thread/ERROR] (ModNioResourcePack) Invalid path in mod resource-pack modmenu: modmenu:lang/uz-UZ.json, ignoring
[17:51:09] [Render thread/ERROR] (ModNioResourcePack) Invalid path in mod resource-pack modmenu: modmenu:lang/zlm-Arab.json, ignoring
[17:51:39] [Render thread/INFO] (Minecraft) Stopping!
